<?xml version="1.0" encoding="UTF-8"?>
<testng-results total="2" passed="2" failed="0" skipped="0">
  <reporter-output>
    <line>
      <![CDATA[VerifyFacebookLoginPageLogo()]]>
    </line>
    <line>
      <![CDATA[VerifyFacebookLoginPageTadline()]]>
    </line>
    <line>
      <![CDATA[VerifyFacebookLoginPageForgetPasswordLink()]]>
    </line>
    <line>
      <![CDATA[VerifyFacebookLoginPageFooterlinksSize]]>
    </line>
    <line>
      <![CDATA[SetFacebookLoginPageUsername]]>
    </line>
    <line>
      <![CDATA[SetFacebookLoginPagePassword]]>
    </line>
    <line>
      <![CDATA[ClickOnLoginPageLoginBtn]]>
    </line>
  </reporter-output>
  <suite started-at="2022-10-09T12:12:41Z" name="Surefire suite" finished-at="2022-10-09T12:12:56Z" duration-ms="15076">
    <groups>
    </groups>
    <test started-at="2022-10-09T12:12:41Z" name="Surefire test" finished-at="2022-10-09T12:12:56Z" duration-ms="15076">
      <class name="com.projectname.qa.testclasses.LoginTest">
        <test-method is-config="true" signature="setup()" started-at="2022-10-09T12:12:41Z" name="setup" finished-at="2022-10-09T12:12:46Z" duration-ms="5717" status="PASS">
        </test-method>
        <test-method signature="FacebookLoginPageTest()" started-at="2022-10-09T12:12:46Z" name="FacebookLoginPageTest" finished-at="2022-10-09T12:12:47Z" duration-ms="1051" status="PASS">
        </test-method>
        <test-method is-config="true" signature="teardown()" started-at="2022-10-09T12:12:47Z" name="teardown" finished-at="2022-10-09T12:12:48Z" duration-ms="307" status="PASS">
        </test-method>
      </class>
      <class name="com.projectname.qa.testclasses.RegistrationTest">
        <test-method is-config="true" signature="setup()" started-at="2022-10-09T12:12:48Z" name="setup" finished-at="2022-10-09T12:12:52Z" duration-ms="4667" status="PASS">
        </test-method>
        <test-method signature="FacebookRegistrationPageTest_Positive()" started-at="2022-10-09T12:12:52Z" name="FacebookRegistrationPageTest_Positive" finished-at="2022-10-09T12:12:56Z" duration-ms="3318" status="PASS">
        </test-method>
        <test-method is-config="true" signature="teardown()" started-at="2022-10-09T12:12:56Z" name="teardown" finished-at="2022-10-09T12:12:56Z" duration-ms="0" status="PASS">
        </test-method>
      </class>
    </test>
  </suite>
</testng-results>
