<?xml version="1.0" encoding="UTF-8"?>
<testng-results total="2" passed="2" failed="0" skipped="0">
  <reporter-output>
    <line>
      <![CDATA[VerifyFacebookLoginPageLogo()]]>
    </line>
    <line>
      <![CDATA[VerifyFacebookLoginPageTadline()]]>
    </line>
    <line>
      <![CDATA[VerifyFacebookLoginPageForgetPasswordLink()]]>
    </line>
    <line>
      <![CDATA[VerifyFacebookLoginPageFooterlinksSize]]>
    </line>
    <line>
      <![CDATA[SetFacebookLoginPageUsername]]>
    </line>
    <line>
      <![CDATA[SetFacebookLoginPagePassword]]>
    </line>
    <line>
      <![CDATA[ClickOnLoginPageLoginBtn]]>
    </line>
  </reporter-output>
  <suite started-at="2022-10-09T12:24:47Z" name="Suite" finished-at="2022-10-09T12:25:11Z" duration-ms="23648">
    <groups>
    </groups>
    <test started-at="2022-10-09T12:24:47Z" name="Test" finished-at="2022-10-09T12:25:11Z" duration-ms="23648">
      <class name="com.projectname.qa.testclasses.LoginTest">
        <test-method is-config="true" signature="setup()" started-at="2022-10-09T12:24:59Z" name="setup" finished-at="2022-10-09T12:25:07Z" duration-ms="8190" status="PASS">
        </test-method>
        <test-method signature="FacebookLoginPageTest()" started-at="2022-10-09T12:25:07Z" name="FacebookLoginPageTest" finished-at="2022-10-09T12:25:09Z" duration-ms="1293" status="PASS">
        </test-method>
        <test-method is-config="true" signature="teardown()" started-at="2022-10-09T12:25:09Z" name="teardown" finished-at="2022-10-09T12:25:11Z" duration-ms="2573" status="PASS">
        </test-method>
      </class>
      <class name="com.projectname.qa.testclasses.RegistrationTest">
        <test-method is-config="true" signature="setup()" started-at="2022-10-09T12:24:47Z" name="setup" finished-at="2022-10-09T12:24:55Z" duration-ms="7173" status="PASS">
        </test-method>
        <test-method signature="FacebookRegistrationPageTest_Positive()" started-at="2022-10-09T12:24:55Z" name="FacebookRegistrationPageTest_Positive" finished-at="2022-10-09T12:24:59Z" duration-ms="4388" status="PASS">
        </test-method>
        <test-method is-config="true" signature="teardown()" started-at="2022-10-09T12:24:59Z" name="teardown" finished-at="2022-10-09T12:24:59Z" duration-ms="1" status="PASS">
        </test-method>
      </class>
    </test>
  </suite>
</testng-results>
